[  0.000] Intiizincgoup ubys cpuset
[    0.000000] Initializing cgroup subsys cpu
[    0.000000] Initializing cgroup susycpuacct
[    0.000000] Linux version 4.4.0-47-generic (buildd@lgw01-19) (gcc version 5.4.0 20160609 (Ubuntu 5.4.0-6ubuntu1~16.04.2) ) #68-Ubuntu SMP Wed Oct 26 19:39:59 UT 216(Ubunu 4.0-7.8-eneric4.24)    0000] EREL sppted pu
[   00000] Intel eninInte
[    0.000000]   AMD utentiMD
[   0.0000]   NS Gde b N
[   0.0000  yrix CyrixInstead
   0000000]   Centaur CentaurHauls
[    0.000000]   Transmeta GenuineTMx86
[    0.000000]   Transmeta TransmetaCPU
[    0.000000]   UM UMC UMC UMC
[    0.000000] x86/fpu: xstate_offset[2]:  576, xstte_sizes[2]:  256
[    0.000000] x86/fpu: Supporting XSAVE feature 0x01: 'x87 floating point registers'
[    0.000000] x86/fpu: Supporting XSAVE feature 0x02: 'SSE registers'
[    0.000000] x86/fpu: Supporting XSAVE feature 0x04: 'AVX registers'
[    0.000000] x86/fpu: Enabled xstate features 0x7, context size is 832 bytes, using 'standard' format.
[    0.000000] x86/fpu: Using 'lazy' FPU context switches.
[    0.000000] e820: BIOS-provided pyscaRAM map:
[    0.000000] BIOS-e820: [mem 0x0000000000000000-0x000000000009fbff] usable
[    0.000000] BOS-e820: [mem 0x0000000000fc0-0x00000000009ffff] reserved
[    0.000000] BIOS-e820: [mem 0x00000000000f0000-0x00000000000fffff] resered
[    0.000000] BIOS-e820: [mem 0x0000000000100000-0x000000003ffeffff] usable
[    0.000000] BIOS-e820: [mem 0x000000003fff0000-0x000000003fffffff] ACPI data
[    00000] IOe820: em0x000000ec00000x0000000fec0ff] reserved
[   .00000] IOe820: [mem0x0000000fee00000-0x000000fe00ff] served    .0000]BIO-e820: [me 0x000000fffc000-000000fffff] esrv
[    0.0000]NX(Eecte Dable protection: active
[    0.00000] SMBIOS 2.5 present.[   0.00000] yperviordeected: KVM
[   0.000000] e80: as_pn  03fff0 max_arch_pfn = 0x1000000
[    0.000000] MTRR: Disabled
[    0.000000] x86/PAT: MTRRs disabled, skipping PAT initialization too.
[    0.000000] x86/PAT: onigratio [-7: WBWT UC- UC WB W  UC U 
[   0.00000] CPU MTRs l blank - virtualized system.
[    0.000000] found MPP-talet [mem0x09ff-000fff] mppd t [c09f0]    000000 Scani 1 ares orlomeor crrptio
   00000] MDSK: [mem 0x36994000-0x374c1ff]
[   0.000000] ACPI Ely table chcksum verficaio dsabled
[    0.000000] ACPI: RSDP 0x00000000E00000024(v VBOX )[   000000]CP: XST x00000003F0030003C (v0 VX   BOSDT 00000001 ASL  00006)
[   .00000 API FP x000003FF000 000F (4 VBOX   VBOXFACP 000001 AS 0000061)
[    0.000000] ACPI DSDT0x00003FFF700021 (01 VOX VBOXIO00000002IN 2010028
[   0.0000 API FACS 0000000FFF020 000040
[   000000 API:FAS 0x00000000FF020 00040
[    0.000000 ACPI: APIC 0x000000003FFF0240 00005C(v02VBOX   VBXAPIC 00000001 ASL  0000001)
[    0.000000]ACI:SSDT 0x00000003FF02A0 0001C(v1 VBOX   VOXPU 000002INL 20100528)
[    0.00000] 131MB HIGHMEM available.
[   .0000] 91MB WMM aaible.[   0.000]  aped lw m: 0- bfe00
   00000]  low ram: 0 - 7bfe000
[    0.000000] kvm-clck: Using msrs 4b564d01 and 4b564d00
[   .00000] kvm-clock: cpu 0, msr :37bfd01,primrycp clock
[  00000 kvmclck using sched ofseof 36372659cyes
  0.00000]lockouce: kvm-lock: msk 0ffffffffffff x_cyle 0x1d44dffb, max_idle_n 815909143 ns
[    0.000000] Zone rangs:
[   00000  MA    mem x00000000001000-0x0000000fffff
    00000]   oral  me0x00000010000000x0000007bdff]
  0.0000]  Higem [me 000000037fe000-00000003ffeffff]
[    0.000000] Movable zone strt fr eachno
[   000000Ealy mmo node ans
[    0.000000]   node   0: me 0000000000100x000000000efff]
[    0.000000]   node   [mem 0x0000000100-0x00000003efff
    00000] Initmem setup node 0 [mem 00000000000000x0000000feffff
    0.000000] Using APIC driver default
[    000000] ACPI: P-Ter I Prt: 0x4008
[    0.00000] OAIC[0]: apic_id 2, version 32, address 0xfec00000, GSI 0-23[    00000] ACI:NT_SR_O (bu 0us_irq 0 global_rq 2 dfl dl)
[    0.000000] ACPI: IT_RC_OVR (bus 0 bus_irq9 gob_irq 9 high level)
[    0.00000]Using ACPI (MADT) for SMP configuration nfrmation
    0.000000] smpboot: Allowing 2 CUs, 0 hotplug CPUs
[   .00000 P Regiteednosae emory: [mem 0x00000000-0x000fff]
[    0.000000] PM: Registerd noave memory [m 0x00f00-0x00fff]
  0.0000]PM: Rgitere nsae memry[mem 0000000-x0efff][   0.000000] PM: Reisterenoav mmoy:[m 0x000f000x00fff]
[    00000] 820: [mem 0x400000-0xfeffff] vaablefoPCI devices
[    0.000000 Btingpavirtaled krne o KVM
  0.0000] lockure: rined-jiffies: mask: xffffffff max_cycles: 0xffffff,max_iles: 76556002568 s
[    0.000000] stupercpu N_CUS: ncpumskits:8 r_pu_id:2r_noe_ds1
[  0000000] ERU: Ebede 19 ge/cpu@fb000047360 30388 u77824
[    0.00000]V qspioc hashtae entie 512 orr: 0,09 byts)
[  .000] But  zonelists in Zone order,mobility grouping on  Total ge: 25900
[   0.000000] Krn commndine:OO_IMGEboot/mlnu-4.4.047eneric root=UUID=e401e7e8-f458485-f79-9885842aroconsoe=ty conol=ttyS
[   .0000]ID hah abe entie: 096orer: , 6384 bytes)
[    0.000000] enrycache astableenies: 1307(ordr:, 5228 bytes)
[    0.000000] Inode-cache has tableenries 653 (orer 6 2624 ytes)
  0.000000 Initiliing CPU#0
[    0.000000] Intiizin HhMem f nde 0(003bfe:00ff0)
[  0000000] Initializing Mvalefor ne 0 000000:00000)
[   0.0000] Memory: 1011568K/1048120K available (7908K kernel code, 764K rwdata, 3140K rodata, 940K init, 800K bss, 36552K reserved, 0K cma-reserved, 135112K highmem)
[    0.000000] virtal kernel memory layout:
[    0.000000]     fixmap  : 0xff15000 -0xfffff000   ( 936 kB)
[    0.000000]     pkmap   : 0xffc00000 - 0xffe00000   (2048 kB)
[    0.000000]     vmalloc  0xf83fe000 - 0xffbfe000   ( 120 MB)
[    0.000000]     lowmem  : 0xc0000000 - 0xf7bfe000   ( 891 MB)
[  .00000      in : 0xc1b8d000 - 0xc1c78000   ( 940 kB)
[    0.000]     .dat :0x17b953  0xc1b83c  (31 B)[   0.0000       .ex: 0x10000  0c1b9583   799 B)
   000000]heckngif his roesorhours te  bitve in uprvisor mode...Ok.
[    0.000000] SLUB:HWalign64Orde0-, MiObcts=0CPs=2 Nes=1[   0.00000 HerarhialRCU impemnttion.[   0.00000] uild-tie djusmentofeaf faouto 3.[    00000] 	RU striti CPU fm NRCPS= to r_u_ids2.
[  .00000RCU:djstinggeetryfo ru_faou_laf32nr_cu_ds2
[  0000000] NR_IRQS:2304 nr_irqs:440 16
[    0.000000] Console: colour VGA+ 8x2
[    0.000000] console [tty1]enled[   0.000] coso [tty0]nabld[    .0000]alcated04576 yt of agext    0.000000] tsc: Detected 2194.918 MHz processor
[   22.109717] Calibrating delay loop (skipped) preset value.. 4389.83 BogoMIPS (lpj=8779672)
[   22.149715] pid_max: default: 32768 minimum: 301
[   22.169669] ACPI: Core revision 20150930
[   22.185276] ACPI: 2 ACPI AML tables successfully acquired and loaded
[   22.301349] Security Framework initialized
[   22.308636] Yama: becoming mindful.
[   22.377970] AppArmor: AppArmor initialized
[   22.408200] Mount-cache hash table entries: 2048 (order: 1, 8192 bytes)
[   22.497163] Mountpoint-cache hash table entries: 2048 (order: 1, 8192 bytes)
[   22.649522] Initializing cgroup subsys io
[   22.747846] Initializing cgroup subsys memory
[   22.760164] Initializing cgroup subsys devices
[   22.761074] Initializing cgroup subsys freezer
[   22.761965] Initializing cgroup subsys net_cls
[   22.829397] Initializing cgroup subsys perf_event
[   22.911370] Initializing cgroup subsys net_prio
[   23.000553] Initializing cgroup subsys hugetlb
[   23.081000] Initializing cgroup subsys pids
[   23.169289] CPU: Physical Processor ID: 0
[   23.255105] CPU: Processor Core ID: 0
[   23.335790] mce: CPU supports 0 MCE banks
[   23.415222] Last level iTLB entries: 4KB 64, 2MB 8, 4MB 8
[   23.481867] Last level dTLB entries: 4KB 64, 2MB 0, 4MB 0, 1GB 4
[   23.509351] Freeing SMP alternatives memory: 28K (c1c78000 - c1c7f000)
[   23.539898] ftrace: allocating 31334 entries in 62 pages
[   23.609134] smpboot: Max logical packages: 1
[   23.703131] smpboot: APIC(0) Converting physical 0 to logical package 0
[   23.762537] Enabling APIC mode:  Flat.  Using 1 I/O APICs
[   23.766281] ..TIMER: vector=0x30 apic1=0 pin1=2 apic2=-1 pin2=-1
[   23.953320] smpboot: CPU0: Intel(R) Core(TM) i5-5200U CPU @ 2.20GHz (family: 0x6, model: 0x3d, stepping: 0x4)
[   24.145680] Performance Events: unsupported p6 CPU model 61 no PMU driver, software events only.
[   24.311937] KVM setup paravirtual spinlock
[   24.401775] x86: Booting SMP configuration:
[   24.482945] .... node  #0, CPUs:      #1
[1266874858.070378] Initializing CPU#1
[   24.569372] kvm-clock: cpu 1, msr 0:37bfd041, secondary cpu clock
[   24.572782] mce: CPU supports 0 MCE banks
[   24.576860] x86: Booted up 1 node, 2 CPUs
[   24.587997] smpboot: Total of 2 processors activated (8779.67 BogoMIPS)
[   24.590683] devtmpfs: initialized
[   24.598618] evm: security.selinux
[   24.642425] evm: security.SMACK64
[   24.699313] evm: security.SMACK64EXEC
[   24.759712] evm: security.SMACK64TRANSMUTE
[   24.849792] evm: security.SMACK64MMAP
[   24.928896] evm: security.ima
[   24.949355] evm: security.capability
[   24.994685] clocksource: jiffies: mask: 0xffffffff max_cycles: 0xffffffff, max_idle_ns: 7645041785100000 ns
[   25.005877] pinctrl core: initialized pinctrl subsystem
[   25.059562] RTC time: 12:21:58, date: 11/14/16
[   25.119254] NET: Registered protocol family 16
[   25.195284] EISA bus registered
[   25.266239] cpuidle: using governor ladder
[   25.337739] cpuidle: using governor menu
[   25.360683] PCCT header not found.
[   25.370712] ACPI: bus type PCI registered
[   25.419368] acpiphp: ACPI Hot Plug PCI Controller Driver version: 0.5
[   25.529700] PCI : PCI BIOS area is rw and x. Use pci=nobios if you want it NX.
[   25.635631] PCI: PCI BIOS revision 2.10 entry at 0xfda26, last bus=0
[   25.712588] PCI: Using configuration type 1 for base access
[   25.746241] ACPI: Added _OSI(Module Device)
[   25.768091] ACPI: Added _OSI(Processor Device)
[   25.801752] ACPI: Added _OSI(3.0 _SCP Extensions)
[   25.877426] ACPI: Added _OSI(Processor Aggregator Device)
[   25.883105] ACPI: Executed 1 blocks of module-level executable AML code
[   25.978947] ACPI: Interpreter enabled
[   26.026035] ACPI: (supports S0 S5)
[   26.026856] ACPI: Using IOAPIC for interrupt routing
[   26.028127] PCI: Using host bridge windows from ACPI; if necessary, use "pci=nocrs" and report a bug
[   26.199481] ACPI: PCI Root Bridge [PCI0] (domain 0000 [bus 00-ff])
[   26.279203] acpi PNP0A03:00: _OSC: OS supports [ASPM ClockPM Segments MSI]
[   26.300938] acpi PNP0A03:00: _OSC failed (AE_NOT_FOUND); disabling ASPM
[   26.318809] acpi PNP0A03:00: fail to add MMCONFIG information, can't access extended PCI configuration space under this bridge.
[   26.517540] PCI host bridge to bus 0000:00
[   26.583283] pci_bus 0000:00: root bus resource [io  0x0000-0x0cf7 window]
[   26.703578] pci_bus 0000:00: root bus resource [io  0x0d00-0xffff window]
[   26.731480] pci_bus 0000:00: root bus resource [mem 0x000a0000-0x000bffff window]
[   26.756787] pci_bus 0000:00: root bus resource [mem 0x40000000-0xffdfffff window]
[   26.772409] pci_bus 0000:00: root bus resource [bus 00-ff]
[   26.812649] pci 0000:00:01.1: legacy IDE quirk: reg 0x10: [io  0x01f0-0x01f7]
[   26.954155] pci 0000:00:01.1: legacy IDE quirk: reg 0x14: [io  0x03f6]
[   27.049209] pci 0000:00:01.1: legacy IDE quirk: reg 0x18: [io  0x0170-0x0177]
[   27.058302] pci 0000:00:01.1: legacy IDE quirk: reg 0x1c: [io  0x0376]
[   27.142638] pci 0000:00:07.0: quirk: [io  0x4000-0x403f] claimed by PIIX4 ACPI
[   27.263602] pci 0000:00:07.0: quirk: [io  0x4100-0x410f] claimed by PIIX4 SMB
[   27.409500] ACPI: PCI Interrupt Link [LNKA] (IRQs 5 9 10 *11)
[   27.495508] ACPI: PCI Interrupt Link [LNKB] (IRQs 5 9 10 *11)
[   27.592228] ACPI: PCI Interrupt Link [LNKC] (IRQs 5 9 *10 11)
[   27.644310] ACPI: PCI Interrupt Link [LNKD] (IRQs 5 *9 10 11)
[   27.661266] ACPI: Enabled 2 GPEs in block 00 to 07
[   27.664525] vgaarb: setting as boot device: PCI:0000:00:02.0
[   27.699156] vgaarb: device added: PCI:0000:00:02.0,decodes=io+mem,owns=io+mem,locks=none
[   27.818363] vgaarb: loaded
[   27.828072] vgaarb: bridge control possible 0000:00:02.0
[   27.830452] SCSI subsystem initialized
[   27.848685] ACPI: bus type USB registered
[   27.888036] usbcore: registered new interface driver usbfs
[   27.934831] usbcore: registered new interface driver hub
[   28.019435] usbcore: registered new device driver usb
[   28.101352] PCI: Using ACPI for IRQ routing
[   28.135529] NetLabel: Initializing
[   28.136273] NetLabel:  domain hash size = 128
[   28.184461] NetLabel:  protocols = UNLABELED CIPSOv4
[   28.268095] NetLabel:  unlabeled traffic allowed by default
[   28.338957] amd_nb: Cannot enumerate AMD northbridges
[   28.369212] clocksource: Switched to clocksource kvm-clock
[   28.0740Aprm: ppmoFisyemEnbl
  9.4690pn P API init
[ 29539]npPnAC: un 3eves
[ 290449 PBIS:isleby API PP
[ 304467] loksur: cp_p: as: ffffaxyces: 0xffffff, max_idle_ns: 2085701024 ns
[  3.0087]ET Rgiseredprotoolfaly
[  313682TC etaliheha tleentries: 8192 (order: 3, 327768 byte
[   32.075] CP bd astaleenries 82 orer 4 653byes
[   32.685027] TCP: Hash tables configured (established 8192 bind 8192)
[ 32.686624 U hh bl etrs:12orr:, 634 ytes)[  33.8819 U-Le shtae ntes 5 (de 21684yt)  4.04842]NE: gier potolfaly 
  34446]ci00000. Litg irctCI/PCItrnser
  5.51] i 00:0010:ctatin ISA DMAhag rkrods[ 361901] ying t upack rootfs image as initramfs...

[   36.720346] Freeing initrd memory: 11448K (f6994000 - f74c2000)
[   36.794141] RAPL PMU detected, API unit is 2^-32 Joules, 4 fixed counters 10737418240 ms ovfl timer
[   36.890187] hw unit of domain pp0-core 2^-0 Joules
[   36.943357] hw unit of domain package 2^-0 Joules
[   37.001534] hw unit of domain dram 2^-0 Joules
[   37.029603] hw unit of domain pp1-gpu 2^-0 Joules
[   37.061766] platform rtc_cmos: registered platform RTC device (no PNP device found)
[   37.185934] Scanning for low memory corruption every 60 seconds
[   37.274298] futex hash table entries: 512 (order: 3, 32768 bytes)
[   37.377141] audit: initializing netlink subsys (disabled)
[   37.468797] audit: type=2000 audit(1479126136.779:1): initialized
[   37.537275] Initialise system trusted keyring
[   37.551486] HugeTLB registered 2 MB page size, pre-allocated 0 pages
[   37.569169] zbud: loaded
[   37.577830] VFS: Disk quotas dquot_6.6.0
[   37.608332] VFS: Dquot-cache hash table entries: 1024 (order 0, 4096 bytes)
[   37.616033] squashfs: version 4.0 (2009/01/31) Phillip Lougher
[   37.619310] fuse init (API version 7.23)
[   37.625143] Key type big_key registered
[   37.627247] Allocating IMA MOK and blacklist keyrings.
[   37.632507] Key type asymmetric registered
[   37.637044] Asymmetric key parser 'x509' registered
[   37.648598] bounce: pool size: 64 pages
[   37.652046] Block layer SCSI generic (bsg) driver version 0.4 loaded (major 249)
[   37.682105] io scheduler noop registered
[   37.735337] io scheduler deadline registered (default)
[   37.798125] io scheduler cfq registered
[   37.839128] pci_hotplug: PCI Hot Plug PCI Core version: 0.5
[   37.864534] pciehp: PCI Express Hot Plug Controller Driver version: 0.4
[   37.938328] ACPI: AC Adapter [AC] (off-line)
[   37.973765] input: Power Button as /devices/LNXSYSTM:00/LNXPWRBN:00/input/input0
[   38.046069] ACPI: Power Button [PWRF]
[   38.099592] tsc: Refined TSC clocksource calibration: 2195.065 MHz
[   38.192221] clocksource: tsc: mask: 0xffffffffffffffff max_cycles: 0x1fa3fd12346, max_idle_ns: 440795286191 ns
[   38.192343] input: Sleep Button as /devices/LNXSYSTM:00/LNXSLPBN:00/input/input1
[   38.192346] ACPI: Sleep Button [SLPF]
[   38.192531] GHES: HEST is not enabled!
[   38.343956] ACPI: Battery Slot [BAT0] (battery present)
[   38.343984] isapnp: Scanning for PnP cards...
[   38.349624] Serial: 8250/16550 driver, 32 ports, IRQ sharing enabled
[   38.423391] 00:02: ttyS0 at I/O 0x3f8 (irq = 4, base_baud = 115200) is a 16550A
[   38.450649] Linux agpgart interface v0.103
[   38.460464] brd: module loaded
[   38.466334] loop: module loaded
[   38.474681] scsi host0: ata_piix
[   38.477058] scsi host1: ata_piix
[   38.479989] ata1: PATA max UDMA/33 cmd 0x1f0 ctl 0x3f6 bmdma 0xd000 irq 14
[   38.483026] ata2: PATA max UDMA/33 cmd 0x170 ctl 0x376 bmdma 0xd008 irq 15
[   38.492094] libphy: Fixed MDIO Bus: probed
[   38.540331] tun: Universal TUN/TAP device driver, 1.6
[   38.543577] tun: (C) 1999-2004 Max Krasnyansky <maxk@qualcomm.com>
[   38.546310] PPP generic driver version 2.4.2
[   38.547448] ehci_hcd: USB 2.0 'Enhanced' Host Controller (EHCI) Driver
[   38.550392] ehci-pci: EHCI PCI platform driver
[   38.551638] ehci-platform: EHCI generic platform driver
[   38.552874] ohci_hcd: USB 1.1 'Open' Host Controller (OHCI) Driver
[   38.554315] ohci-pci: OHCI PCI platform driver
[   38.555387] ohci-platform: OHCI generic platform driver
[   38.558244] uhci_hcd: USB Universal Host Controller Interface driver
[   38.559711] i8042: PNP: PS/2 Controller [PNP0303:PS2K,PNP0f03:PS2M] at 0x60,0x64 irq 1,12
[   38.562155] serio: i8042 KBD port at 0x60,0x64 irq 1
[   38.563302] serio: i8042 AUX port at 0x60,0x64 irq 12
[   38.564617] mousedev: PS/2 mouse device common for all mice
[   38.566280] input: AT Translated Set 2 keyboard as /devices/platform/i8042/serio0/input/input2
[   38.569913] rtc_cmos rtc_cmos: rtc core: registered rtc_cmos as rtc0
[   38.582599] rtc_cmos rtc_cmos: alarms up to one day, 114 bytes nvram
[   38.590440] i2c /dev entries driver
[   38.618978] device-mapper: uevent: version 1.0.3
[   38.626258] device-mapper: ioctl: 4.34.0-ioctl (2015-10-28) initialised: dm-devel@redhat.com
[   38.629793] platform eisa.0: Probing EISA bus 0
[   38.632247] platform eisa.0: EISA: Cannot allocate resource for mainboard
[   38.633838] platform eisa.0: Cannot allocate resource for EISA slot 1
[   38.637396] platform eisa.0: Cannot allocate resource for EISA slot 2
[   38.658311] platform eisa.0: Cannot allocate resource for EISA slot 3
[   38.683633] platform eisa.0: Cannot allocate resource for EISA slot 4
[   38.686349] platform eisa.0: Cannot allocate resource for EISA slot 5
[   38.700139] platform eisa.0: Cannot allocate resource for EISA slot 6
[   38.709594] platform eisa.0: Cannot allocate resource for EISA slot 7
[   38.712183] platform eisa.0: Cannot allocate resource for EISA slot 8
[   38.714951] platform eisa.0: EISA: Detected 0 cards
[   38.717386] cpufreq-nforce2: No nForce2 chipset.
[   38.718481] ledtrig-cpu: registered to indicate activity on CPUs
[   38.720070] NET: Registered protocol family 10
[   38.722555] NET: Registered protocol family 17
[   38.727589] Key type dns_resolver registered
[   38.765689] microcode: CPU0 sig=0x306d4, pf=0x40, revision=0x0
[   38.855394] microcode: CPU1 sig=0x306d4, pf=0x40, revision=0x0
[   38.858438] microcode: Microcode Update Driver: v2.01 <tigran@aivazian.fsnet.co.uk>, Peter Oruba
[   38.880098] isapnp: No Plug & Play device found
[   38.973356] Using IPI No-Shortcut mode
[   38.974345] registered taskstats version 1
[   38.975211] Loading compiled-in X.509 certificates
[   38.983285] Loaded X.509 cert 'Build time autogenerated kernel key: b305dbeb121bc4f04f536b0eea5042498bb47c7e'
[   39.098064] zswap: loaded using pool lzo/zbud
[   39.140366] Key type trusted registered
[   39.211086] Key type encrypted registered
[   39.263665] AppArmor: AppArmor sha1 policy hashing enabled
[   39.310055] ima: No TPM chip found, activating TPM-bypass!
[   39.405481] evm: HMAC attrs: 0x1
[   39.409210]   Magic number: 8:178:380
[   39.461608] rtc_cmos rtc_cmos: setting system clock to 2016-11-14 12:22:13 UTC (1479126133)
[   39.522956] BIOS EDD facility v0.16 2004-Jun-25, 0 devices found
[   39.633563] EDD information not available.
[   39.676263] Freeing unused kernel memory: 940K (c1b8d000 - c1c78000)
[   39.710483] Write protecting the kernel text: 7912k
[   39.719087] Write protecting the kernel read-only data: 3144k
[   39.725592] NX-protecting the kernel data: 6424k
Loading, please wait...
starting version[   39.751453] random: systemd-udevd: uninitialized urandom read (16 bytes read, 2 bits of entropy available)
 229
[   39.787458] random: udevadm: uninitialized urandom read (16 bytes read, 2 bits of entropy available)
[   39.787522] random: udevadm: uninitialized urandom read (16 bytes read, 2 bits of entropy available)
[   39.787731] random: udevadm: uninitialized urandom read (16 bytes read, 2 bits of entropy available)
[   39.787858] random: udevadm: uninitialized urandom read (16 bytes read, 2 bits of entropy available)
[   39.787918] random: udevadm: uninitialized urandom read (16 bytes read, 2 bits of entropy available)
[   39.787985] random: udevadm: uninitialized urandom read (16 bytes read, 2 bits of entropy available)
[   39.788044] random: udevadm: uninitialized urandom read (16 bytes read, 2 bits of entropy available)
[   39.788100] random: udevadm: uninitialized urandom read (16 bytes read, 2 bits of entropy available)
[   39.788160] random: udevadm: uninitialized urandom read (16 bytes read, 2 bits of entropy available)
[   40.744388] e1000: Intel(R) PRO/1000 Network Driver - version 7.3.21-k8-NAPI
[   40.752191] e1000: Copyright (c) 1999-2006 Intel Corporation.
[   40.868437] Fusion MPT base driver 3.04.20
[   40.873051] Copyright (c) 1999-2008 LSI Corporation
[   40.912095] Fusion MPT SPI Host driver 3.04.20
[   41.006828] input: ImExPS/2 Generic Explorer Mouse as /devices/platform/i8042/serio1/input/input4
[   41.226534] e1000 0000:00:03.0 eth0: (PCI:33MHz:32-bit) 02:0f:4e:0b:d6:d4
[   41.348864] e1000 0000:00:03.0 eth0: Intel(R) PRO/1000 Network Connection
[   41.921428] e1000 0000:00:08.0 eth1: (PCI:33MHz:32-bit) 08:00:27:13:ce:2d
[   41.936046] e1000 0000:00:08.0 eth1: Intel(R) PRO/1000 Network Connection
[   41.955285] e1000 0000:00:03.0 enp0s3: renamed from eth0
[   41.959793] mptbase: ioc0: Initiating bringup
[   41.982408] e1000 0000:00:08.0 enp0s8: renamed from eth1
[   42.296356] ioc0: LSI53C1030 A0: Capabilities={Initiator}
[   43.087731] scsi host2: ioc0: LSI53C1030 A0, FwRev=00000000h, Ports=1, MaxQ=256, IRQ=20
[   43.223926] scsi 2:0:0:0: Direct-Access     VBOX     HARDDISK         1.0  PQ: 0 ANSI: 5
[   43.248076] scsi target2:0:0: Beginning Domain Validation
[   43.266957] scsi target2:0:0: Domain Validation skipping write tests
[   43.274218] scsi target2:0:0: Ending Domain Validation
[   43.279112] scsi target2:0:0: asynchronous
[   43.291617] scsi 2:0:1:0: Direct-Access     VBOX     HARDDISK         1.0  PQ: 0 ANSI: 5
[   43.300542] scsi target2:0:1: Beginning Domain Validation
[   43.303624] scsi target2:0:1: Domain Validation skipping write tests
[   43.305605] scsi target2:0:1: Ending Domain Validation
[   43.307382] scsi target2:0:1: asynchronous
[   43.320424] sd 2:0:0:0: Attached scsi generic sg0 type 0
[   43.331369] sd 2:0:0:0: [sda] 20971520 512-byte logical blocks: (10.7 GB/10.0 GiB)
[   43.331610] sd 2:0:1:0: Attached scsi generic sg1 type 0
[   43.331911] sd 2:0:1:0: [sdb] 20480 512-byte logical blocks: (10.5 MB/10.0 MiB)
[   43.332235] sd 2:0:1:0: [sdb] Write Protect is off
[   43.332452] sd 2:0:1:0: [sdb] Incomplete mode parameter data
[   43.332454] sd 2:0:1:0: [sdb] Assuming drive cache: write through
[   43.403693] sd 2:0:1:0: [sdb] Attached SCSI disk
[   43.797289] sd 2:0:0:0: [sda] Write Protect is off
[   43.803264] sd 2:0:0:0: [sda] Incomplete mode parameter data
[   43.805472] sd 2:0:0:0: [sda] Assuming drive cache: write through
[   43.822538]  sda: sda1
[   43.858613] floppy0: no floppy controllers found
[   43.860755] sd 2:0:0:0: [sda] Attached SCSI disk
Begin: Loading e[   45.826241] md: linear personality registered for level -1
ssential drivers[   45.855625] md: multipath personality registered for level -4
 ... [   45.922589] md: raid0 personality registered for level 0
[   46.036384] md: raid1 personality registered for level 1
[   46.181466] raid6: mmxx1    gen()  4593 MB/s
[   46.257733] raid6: mmxx2    gen()  4072 MB/s
[   46.425870] raid6: sse1x1   gen()  2776 MB/s
[   46.569835] raid6: sse1x2   gen()  2102 MB/s
[   46.673375] raid6: sse2x1   gen()  4904 MB/s
[   46.793432] raid6: sse2x1   xor()  5258 MB/s
[   46.937783] raid6: sse2x2   gen()  9792 MB/s
[   47.089730] raid6: sse2x2   xor()  6437 MB/s
[   47.117863] raid6: using algorithm sse2x2 gen() 9792 MB/s
[   47.123485] raid6: .... xor() 6437 MB/s, rmw enabled
[   47.124449] raid6: using ssse3x1 recovery algorithm
[   47.158042] xor: automatically using best checksumming function:
[   47.269395]    avx       : 18756.000 MB/sec
[   47.294791] async_tx: api initialized (async)
[   47.380376] md: raid6 personality registered for level 6
[   47.492140] md: raid5 personality registered for level 5
[   47.502508] md: raid4 personality registered for level 4
[   47.588850] md: raid10 personality registered for level 10
done.
Begin: Running /scripts/init-premount ... done.
Begin: Mounting root fil[   47.664627] Btrfs loaded
e system ... Begin: Running /scripts/local-top ... done.
Begin: Running /scripts/local-premount ... Scanning for Btrfs filesystems
[   47.929250] random: nonblocking pool is initialized
done.
Warning: fsck not present, so skipping root file system
[   48.142497] EXT4-fs (sda1): mounted filesystem with ordered data mode. Opts: (null)
done.
Begin: Running /scripts/local-bottom ... done.
Begin: Running /scripts/init-bottom ... Warning: overlayroot: debug is busted
done.
[  55821syem[1 ste 2 rning i sstm od (PA+AUD +LIX MA+APPRMOR +SMACK +SYSVINIT +UTMP +LIBCRYPTSETUP +GCRYPT +GNUTLS +ACL +XZ -LZ4 +SECOM +LK +FULSKM -N)
[   5404868]syem1] Dtete viralatn acle.
[   547883 systemd[1]: Detected checrex8

Welcome to [1mUbuntu 16.04.1 LTS[0m!

[   5.53] ysemd[: et hostnmeo ubntu-ni>.

[   87.654542] mptscsih: ioc0: attempting task abort! (sc=f73e9a00)
[   87.664675] sd 2:0:0:0: [sda] tag#1 CDB: Read(10) 28 00 00 04 1b 40 00 00 20 00
[   87.781353] mptscsih: ioc0: task abort: FAILED (rv=2003) (sc=f73e9a00)
[   87.793738] mptscsih: ioc0: attempting target reset! (sc=f73e9a00)
   878020] d 2::0: da] ag CB: ea10) 280 00 04 1b 0 00 00 20 00

[  8.57714] mptssi ic0: target reset: SUCCESS (sc=f73e9a00)

[   9085931] systemd[1]: Listening on LVM2 poll daemon socket.
[[0;32m  OK  [0m] Listening on LVM2 poll daemon socket.
[   .598981] systemd[1]: Litening on SysogSoke
[[0;32m  OK  [0m] Listening on Syslog Socket.
[   9.931 stemd[1] Rch trgetSwp.
[[0;32m  OK  [0m] Reached target Swap.
[  91.1902] systemd[1]: Se u autmot rbitrryExutable File Formats File System Automount Point.

[[0;32m  OK  [0m] Set up automount Arbitrary Executab...ats File System Automount Point.
[   91.829514] systemd[1]: Reached target ncypted Volumes.

[[0;32m  OK  [0m] Reached target Encrypted Volumes.
[   91.926057] sstemd[1]:Lieng on udev erl ck.
[[0;32m  OK  [0m] Listening on udev Kernel Socket.
[   92.3833] syem1]Createdsle eran Session Slice.

[[0;32m  OK  [0m] Created slice User and Session Slice.
[  999821]syem1] Lteningn evicemaerevendaonIF. [[0;32m  OK  [0m] Listening on Device-mapper event daemon FIFOs.
[  9.143] yste[1]: Lisening on LVM2 metadata daemon socket.

[[0;32m  OK  [0m] Listening on LVM2 metadata daemon socket.
[   4.482024] systemd[1]: Reached target User and Group Name Lookups.

[[0;32m  OK  [0m] Reached target User and Group Name Lookups.
[   94.5521] std[: stinondeCotrol Sck.
[[0;32m  OK  [0m] Listening on udev Control Socket.
[  9.28252sytemd1]Cratedsle ysm ice

[[0;32m  OK  [0m] Created slice System Slice.
[ 9549692] systemd[1]: Rech tget Slices.
[[0;32m  OK  [0m] Reached target Slices.
[ 96507]systemd[1]: Created slice system-serial\x2dgetty.slice.
[[0;32m  OK  [0m] Created slice system-serial\x2dgetty.slice.
[   96.348981] systemd[1]: Started Forward Password Requests to Wall Directory Watch.
[[0;32m  OK  [0m] Started Forward Password Requests to Wall Directory Watch.
[  96.377995] systemd[1]: Listening on Journal Socket (/dev/log).
[[0;32m  OK  [0m] Listening on Journal Socket (/dev/log).
[ 96466396] sysem1]: Litein o /devnictlCopabityamed Pipe.

[[0;32m  OK  [0m] Listening on /dev/initctl Compatibility Named Pipe.
[   97.041] stmd1] Liteing on Journal Audit Socket.
[[0;32m  OK  [0m] Listening on Journal Audit Socket.
[ 97473905] systed[1] Ltengn url ck.
[[0;32m  OK  [0m] Listening on Journal Socket.
[   98.107302] systemd[1]: Starting Uncomplicated firewall...
         Starting Uncomplicated firewall...
[   98.145909] systemd[1]: Starting Remount Root and Kernel File Systems...
         Starting Remount Root and Kernel File Systems...
[   98.225500] systemd[1]: Mounting Huge Pages File System...
         Mounting Huge Pages File System...
[   98.301865] systemd[1]: Mounting POSIX Message Queue File System...
         Mounting POSIX Message Queue File System...
[   98.371727] EXT4-fs (sda1): re-mounted. Opts: (null)
[   98.389903] systemd[1]: Starting Set console keymap...
         Starting Set console keymap...
[   98.479679] systemd[1]: Starting Nameserver information manager...
         Starting Nameserver information manager...
[   98.537753] systemd[1]: Starting Create list of required static device nodes for the current kernel...
         Starting Create list of required st... nodes for the current kernel...
[   98.613597] systemd[1]: Starting Journal Service...
         Starting Journal Service...
[   98.685537] systemd[1]: Mounting Debug File System...
         Mounting Debug File System...
[   98.961791] systemd[1]: Starting Load Kernel Modules...
         Starting Load Kernel Modules...
[   98.987775] systemd[1]: Starting Monitoring of LVM2 mirrors, snapshots etc. using dmeventd or progress polling...
         Starting Monitoring of LVM2 mirrors... dmeventd or progress polling...
[   99.132288] systemd[1]: Mounted Huge Pages Fleysm.
[[0;32m  OK  [0m] Mounted Huge Pages File System.
[   99.398224] systemd[1]: Mounted Debug File System.
[[0;32m  OK  [0m] Mounted Debug File System.
[   99.449676] systemd[1]: Mounted POSIX Message Queue File System.
[[0;32m  OK  [0m] Mounted POSIX Message Queue File System.
[   99.499320] systemd[1]: Started Uncomplicated firewall.
[[0;32m  OK  [0m] Started Uncomplicated firewall.
[   99.552199] systemd[1]: Started Remount Root and Kernel File Systems.
[[0;32m  OK  [0m] Started Remount Root and Kernel File Systems.
[   99.640094] systemd[1]: Started Set console keymap.
[[0;32m  OK  [0m] Started Set console keymap.
[   99.689913] Loading iSCSI transport class v2.0-870.
[   99.703616] systemd[1]: Started Create list of required static device nodes for the current kernel.
[[0;32m  OK  [0m] Started Create list of required sta...ce nodes for the current kernel.
[   99.769976] systemd[1]: Started Journal Service.
[[0;32m  OK  [0m] Started Journal Service.
[[0;32m  OK  [0m] Started Nameserver information manager.
[   99.831072] iscsi: registered transport (tcp)
         Starting Create Static Device Nodes in /dev...
         Starting Flush Journal to Persistent Storage...
         Starting udev Coldplug all Devices...
         Starting Load/Save Random Seed...
[  100.219836] systemd-journald[421]: Received request to flush runtime journal from PID 1
[[0;32m  OK  [0m] Started LVM2 metadata daemon.
[[0;32m  OK  [0[  100.351493] iscsi: registered transport (iser)
m] Started Flush Journal to Persistent Storage.
[[0;32m  OK  [0m] Started Load Kernel Modules.
[[0;32m  OK  [0m] Started Load/Save Random Seed.
         Mounting FUSE Control File System...
         Starting Apply Kernel Variables...
[[0;32m  OK  [0m] Mounted FUSE Control File System.
[[0;32m  OK  [0m] Started udev Coldplug all Devices.
[[0;32m  OK  [0m] Started Apply Kernel Variables.
[[0;32m  OK  [0m] Started Create Static Device Nodes in /dev.
         Starting udev Kernel Device Manager...
[[0;32m  OK  [0m] Started Monitoring of LVM2 mirrors,...ng dmeventd or progress polling.
[[0;32m  OK  [0m] Started udev Kernel Device Manager.
[[0;32m  OK  [0m] Reached target Local File Systems (Pre).
[[0;32m  OK  [0m] Reached target Local File Systems.
         Starting Tell Plymouth To Write Out Runtime Data...
         Starting Run snappy firstboot setup...
         Starting Set console font and keymap...
         Starting LSB: AppArmor initialization...
         Starting Initial cloud-init job (pre-networking)...
         Starting Create Volatile Files and Directories...
[[0;32m  OK  [0m] Started Dispatch Password Requests to Console Directory Watch.
[[0;32m  OK  [0m] Started Tell Plymouth To Write Out Runtime Data.
[[0;32m  OK  [0m] Found device /dev/ttyS0.
[[0;32m  OK  [0m] Started Create Volatile Files and Directories.
         Starting Update UTMP about System Boot/Shutdown...
[[0;32m  OK  [0m] Reached target System Time Synchronized.
[[0;32m  OK  [0m] Listening on Load/Save RF Kill Switch Status /dev/rfkill Watch.
[[0;32m  OK  [0m] Started Update UTMP about System Boot/Shutdown.
[[0;32m  OK  [0m] Found device 82540EM Gigabit Ethern...r (PRO/1000 MT Desktop Adapter).
[[0;32m  OK  [0m] Found device 82540EM Gigabit Ethern...r (PRO/1000 MT Desktop Adapter).
[[0;32m  OK  [0m] Started Set console font and keymap.
[[0;32m  OK  [0m] Created slice system-getty.slice.
[[0;32m  OK  [0m] Started Run snappy firstboot setup.
[[0;32m  OK  [0m] Started LSB: AppArmor initialization.
[[0;32m  OK  [0m] Reached target System Initialization.
[[0;32m  OK  [0m] Started Timer to automatically refresh installed snaps.
[[0;32m  OK  [0m] Started ACPI Events Check.
         Starting LXD - unix socket.
[[0;32m  OK  [0m] Listening on ACPID Listen Socket.
[[0;32m  OK  [0m] Listening on D-Bus System Message Bus Socket.
[[0;32m  OK  [0m] Listening on UUID daemon activation socket.
[[0;32m  OK  [0m] Started Trigger resolvconf update for networkd DNS.
[[0;32m  OK  [0m] Reached target Paths.
[[0;32m  OK  [0m] Started Daily apt activities.
         Starting Socket activation for snappy daemon.
[[0;32m  OK  [0m] Started Daily Cleanup of Temporary Directories.
[[0;32m  OK  [0m] Reached target Timers.
[[0;32m  OK  [0m] Listening on LXD - unix socket.
[[0;32m  OK  [0m] Listening on Socket activation for snappy daemon.
[[0;32m  OK  [0m] Reached target Sockets.
[[0;32m  OK  [0m] Reached target Basic System.
         Starting LSB: MD monitoring daemon...
         Starting Login Service...
[[0;32m  OK  [0m] Started FUSE filesystem for LXC.
[[0;32m  OK  [0m] Started ACPI event daemon.
         Starting LXD - container startup/shutdown...
[[0;32m  OK  [0m] Started Snappy daemon.
         Starting Accounts Service...
[[0;32m  OK  [0m] Started D-Bus System Message Bus.
[[0;32m  OK  [0m] Started Regular background program processing daemon.
         Starting LSB: Record successful boot for GRUB...
         Starting System Logging Service...
         Starting Daily apt activities...
[[0;32m  OK  [0m] Started Deferred execution scheduler.
[[0;32m  OK  [0m] Started Login Service.
[[0;32m  OK  [0m] Started LSB: Record successful boot for GRUB.
[[0;32m  OK  [0m] Started LSB: MD monitoring daemon.
         Starting Authenticate and Authorize Users to Run Privileged Tasks...
[[0;32m  OK  [0m] Started System Logging Service.
[[0;32m  OK  [0m] Started Authenticate and Authorize Users to Run Privileged Tasks.
[[0;32m  OK  [0m] Started Accounts Service.
[[0;32m  OK  [0m] Started LXD - container startup/shutdown.
[[0;32m  OK  [0m] Started Daily apt activities.
[  113.526322] cloud-init[528]: Cloud-init v. 0.7.8 running 'init-local' at Mon, 14 Nov 2016 12:23:53 +0000. Up 111.91 seconds.
[[0;32m  OK  [0m] Started Initial cloud-init job (pre-networking).
[[0;32m  OK  [0m] Reached target Network (Pre).
[[0;32m  OK  [0m] Started ifup for enp0s8.
         Starting Raise network interfaces...
[[0;32m  OK  [0m] Started ifup for enp0s3.
[[0;32m  OK  [0m] Started Raise network interfaces.
[[0;32m  OK  [0m] Reached target Network.
         Starting MySQL Community Server...
         Starting Initial cloud-init job (metadata service crawler)...
[  117.526381] cloud-init[1154]: Cloud-init v. 0.7.8 running 'init' at Mon, 14 Nov 2016 12:23:56 +0000. Up 115.04 seconds.
[  117.625186] [cloud-init[0;32m  OK  [0m[1154]: ] ci-info: ++++++++++++++++++++++++++++++++++++++Net device info++++++++++++++++++++++++++++++++++++++Started Initial cloud-init job (metadata service crawler).

[  117.648355] cloud-init[1154]: ci-info: +--------+------+-----------------------------+---------------+-------+-------------------+
[  117.837123] cloud-init[1154]: ci-info: | Device |  Up  |           Address           |      Mask     | Scope |     Hw-Address    |
[[0;32m  OK  [0m] Reached target Cloud-config availability.
[[0;32m  OK  [0m] Reached target Network is Online.
[  117.928354] cloud-init[1154]: ci-info: +--------+------+-----------------------------+---------------+-------+-------------------+
[  118.093647] cloud-init[1154]: ci-info: | enp0s3 | True |          10.0.2.15          | 255.255.255.0 |   .   | 02:0f:4e:0b:d6:d4 |
[  118.094527] cloud-init[1154]: ci-info: | enp0s3 | True |  fe80::f:4eff:fe0b:d6d4/64  |       .       |  link | 02:0f:4e:0b:d6:d4 |
         Starting /etc/rc.local Compatibility...
[  118.095156] cloud-init[1154]: ci-info: |   lo   | True |          127.0.0.1          |   255.0.0.0   |   .   |         .         |
[  118.293214] cloud-init[1154]: ci-info: |   lo   | True |           ::1/128           |       .       |  host |         .         |
[  118.293951] cloud-init[1154]: ci-info: | enp0s8 | True |        192.168.33.10        | 255.255.255.0 |   .   | 08:00:27:13:ce:2d |
[  118.297133] cloud-init[1154]: ci-info: | enp0s8 | True | fe80::a00:27ff:fe13:ce2d/64 |       .       |  link | 08:00:27:13:ce:2d |
[  118.297611] cloud-init[1154]: ci-info: +--------+------+-----------------------------+---------------+-------+-------------------+
[  118.297861] cloud-init[1154]: ci-info: ++++++++++++++++++++++++++++Route IPv4 info++++++++++++++++++++++++++++
         Starting Apply the settings specified in cloud-config...
[  118.300983] cloud-init[1154]: ci-info: +-------+--------------+----------+---------------+-----------+-------+
[  118.343894] cloud-init[1154]: ci-info: | Route | Destination  | Gateway  |    Genmask    | Interface | Flags |
[  118.352705] cloud-init[1154]: ci-info: +-------+--------------+----------+---------------+-----------+-------+
[  118.353025] cloud-init[1154]: ci-info: |   0   |   0.0.0.0    | 10.0.2.2 |    0.0.0.0    |   enp0s3  |   UG  |
         Starting iSCSI initiator daemon (iscsid)...
[  118.353204] cloud-init[1154]: ci-info: |   1   |   10.0.2.0   | 0.0.0.0  | 255.255.255.0 |   enp0s3  |   U   |
[  118.378346] cloud-init[1154]: ci-info: |   2   | 192.168.33.0 | 0.0.0.0  | 255.255.255.0 |   enp0s8  |   U   |
[  118.472532] cloud-init[1154]: ci-info: +-------+--------------+----------+---------------+-----------+-------+
         Starting OpenBSD Secure Shell server...
[[0;32m  OK  [0m] Started /etc/rc.local Compatibility.
[[0;32m  OK  [0m] Started iSCSI initiator daemon (iscsid).
         Starting Login to default iSCSI targets...
[  119.768628] cloud-init[1221]: Cloud-init v. 0.7.8 running 'modules:config' at Mon, 14 Nov 2016 12:24:00 +0000. Up 118.86 seconds.
[[0;32m  OK  [0m] Started Apply the settings specified in cloud-config.
[[0;32m  OK  [0m] Started Login to default iSCSI targets.
[[0;32m  OK  [0m] Reached target Remote File Systems (Pre).
[[0;32m  OK  [0m] Reached target Remote File Systems.
         Starting LSB: Set the CPU Frequency Scaling governor to "ondemand"...
         Starting LSB: VirtualBox Linux Additions...
         Starting LSB: daemon to balance interrupts for SMP systems...
         Starting Permit User Sessions...
         Starting LSB: automatic crash report generation...
         Starting LSB: Apache2 web server...
[[0;32m  OK  [0m] Started LSB: Set the CPU Frequency Scaling governor to "ondemand".
[[0;32m  OK  [0m] Started Permit User Sessions.
         Starting Hold until boot process finishes up...
         Starting Terminate Plymouth Boot Screen...
[[0;32m  OK  [0m] Started Hold until boot process finishes up.
[[0;32m  OK  [0m] Started Terminate Plymouth Boot Screen.
[[0;32m  OK  [0m] Started Serial Getty on ttyS0.
[[0;32m  OK  [0m] Started Getty on tty1.
[[0;32m  OK  [0m] Reached target Login Prompts.
         Starting Set console scheme...
[[0;32m  OK  [0m] Started OpenBSD Secure Shell server.
[[0;32m  OK  [0m] Started LSB: daemon to balance interrupts for SMP systems.
[[0;32m  OK  [0m] Started LSB: automatic crash report generation.
[[0;32m  OK  [0m] Started Set console scheme.
[[0;32m  OK  [0m] Started LSB: VirtualBox Linux Additions.
[[0;32m  OK  [0m] Started MySQL Community Server.

Ubuntu 16.04.1 LTS ubuntu-xenial ttyS0

ubuntu-xenial login: [  157.355039] cloud-init[1709]: Cloud-init v. 0.7.8 running 'modules:final' at Mon, 14 Nov 2016 12:24:38 +0000. Up 157.02 seconds.
[  157.356833] cloud-init[1709]: Cloud-init v. 0.7.8 finished at Mon, 14 Nov 2016 12:24:39 +0000. Datasource DataSourceNoCloud [seed=/dev/sdb][dsmode=net].  Up 157.32 seconds
